<?xml version="1.0" encoding="UTF-8"?>
<!-- Generated by org.testng.reporters.JUnitReportReporter -->
<testsuite hostname="Esaikiappans-Laptop.local" failures="0" tests="2" name="com.tap.tests.CardConfigurationTests" time="48.576" errors="0" timestamp="2024-07-09T10:20:02 IST" skipped="0">
  <testcase classname="com.tap.tests.CardConfigurationTests" name="configureCardTest" time="25.596"/>
  <testcase classname="com.tap.tests.CardConfigurationTests" name="configureCardTest" time="22.980"/>
</testsuite> <!-- com.tap.tests.CardConfigurationTests -->
